[
    {
        "Id": "187bc238ac75b63cd6251cde78e00925029c41f8b249a30f16e5d29f5fe9622e",
        "Created": "2019-05-20T02:19:12.501243523Z",
        "Path": "/pause",
        "Args": [],
        "State": {
            "Status": "running",
            "Running": true,
            "Paused": false,
            "Restarting": false,
            "OOMKilled": false,
            "Dead": false,
            "Pid": 7183,
            "ExitCode": 0,
            "Error": "",
            "StartedAt": "2019-05-20T02:19:16.352452345Z",
            "FinishedAt": "0001-01-01T00:00:00Z"
        },
        "Image": "sha256:da86e6ba6ca197bf6bc5e9d900febd906b133eaa4750e6bed647b0fbe50ed43e",
        "ResolvConfPath": "/var/lib/docker/containers/187bc238ac75b63cd6251cde78e00925029c41f8b249a30f16e5d29f5fe9622e/resolv.conf",
        "HostnamePath": "/var/lib/docker/containers/187bc238ac75b63cd6251cde78e00925029c41f8b249a30f16e5d29f5fe9622e/hostname",
        "HostsPath": "/var/lib/docker/containers/187bc238ac75b63cd6251cde78e00925029c41f8b249a30f16e5d29f5fe9622e/hosts",
        "LogPath": "/var/lib/docker/containers/187bc238ac75b63cd6251cde78e00925029c41f8b249a30f16e5d29f5fe9622e/187bc238ac75b63cd6251cde78e00925029c41f8b249a30f16e5d29f5fe9622e-json.log",
        "Name": "/k8s_POD_kube-apiserver-devkubemaster_kube-system_ef09013fcbc0223a2d547aafd9f865da_3",
        "RestartCount": 0,
        "Driver": "overlay2",
        "Platform": "linux",
        "MountLabel": "",
        "ProcessLabel": "",
        "AppArmorProfile": "",
        "ExecIDs": null,
        "HostConfig": {
            "Binds": null,
            "ContainerIDFile": "",
            "LogConfig": {
                "Type": "json-file",
                "Config": {}
            },
            "NetworkMode": "host",
            "PortBindings": {},
            "RestartPolicy": {
                "Name": "",
                "MaximumRetryCount": 0
            },
            "AutoRemove": false,
            "VolumeDriver": "",
            "VolumesFrom": null,
            "CapAdd": null,
            "CapDrop": null,
            "Dns": null,
            "DnsOptions": null,
            "DnsSearch": null,
            "ExtraHosts": null,
            "GroupAdd": null,
            "IpcMode": "shareable",
            "Cgroup": "",
            "Links": null,
            "OomScoreAdj": -998,
            "PidMode": "",
            "Privileged": false,
            "PublishAllPorts": false,
            "ReadonlyRootfs": false,
            "SecurityOpt": [
                "seccomp=unconfined"
            ],
            "UTSMode": "",
            "UsernsMode": "",
            "ShmSize": 67108864,
            "Runtime": "runc",
            "ConsoleSize": [
                0,
                0
            ],
            "Isolation": "",
            "CpuShares": 2,
            "Memory": 0,
            "NanoCpus": 0,
            "CgroupParent": "/kubepods/burstable/podef09013fcbc0223a2d547aafd9f865da",
            "BlkioWeight": 0,
            "BlkioWeightDevice": null,
            "BlkioDeviceReadBps": null,
            "BlkioDeviceWriteBps": null,
            "BlkioDeviceReadIOps": null,
            "BlkioDeviceWriteIOps": null,
            "CpuPeriod": 0,
            "CpuQuota": 0,
            "CpuRealtimePeriod": 0,
            "CpuRealtimeRuntime": 0,
            "CpusetCpus": "",
            "CpusetMems": "",
            "Devices": null,
            "DeviceCgroupRules": null,
            "DiskQuota": 0,
            "KernelMemory": 0,
            "MemoryReservation": 0,
            "MemorySwap": 0,
            "MemorySwappiness": null,
            "OomKillDisable": false,
            "PidsLimit": 0,
            "Ulimits": null,
            "CpuCount": 0,
            "CpuPercent": 0,
            "IOMaximumIOps": 0,
            "IOMaximumBandwidth": 0,
            "MaskedPaths": [
                "/proc/asound",
                "/proc/acpi",
                "/proc/kcore",
                "/proc/keys",
                "/proc/latency_stats",
                "/proc/timer_list",
                "/proc/timer_stats",
                "/proc/sched_debug",
                "/proc/scsi",
                "/sys/firmware"
            ],
            "ReadonlyPaths": [
                "/proc/bus",
                "/proc/fs",
                "/proc/irq",
                "/proc/sys",
                "/proc/sysrq-trigger"
            ]
        },
        "GraphDriver": {
            "Data": {
                "LowerDir": "/var/lib/docker/overlay2/f471d4445e8c4a3c4de4789da91c4fc9d1b2c51921a62c77d3593a9c7f4b6c70-init/diff:/var/lib/docker/overlay2/2577102f250e2146cb3c728ca9972cfe57baf877cdb999241879d6c7b370f058/diff",
                "MergedDir": "/var/lib/docker/overlay2/f471d4445e8c4a3c4de4789da91c4fc9d1b2c51921a62c77d3593a9c7f4b6c70/merged",
                "UpperDir": "/var/lib/docker/overlay2/f471d4445e8c4a3c4de4789da91c4fc9d1b2c51921a62c77d3593a9c7f4b6c70/diff",
                "WorkDir": "/var/lib/docker/overlay2/f471d4445e8c4a3c4de4789da91c4fc9d1b2c51921a62c77d3593a9c7f4b6c70/work"
            },
            "Name": "overlay2"
        },
        "Mounts": [],
        "Config": {
            "Hostname": "devkubemaster",
            "Domainname": "",
            "User": "",
            "AttachStdin": false,
            "AttachStdout": false,
            "AttachStderr": false,
            "Tty": false,
            "OpenStdin": false,
            "StdinOnce": false,
            "Env": [
                "PATH=/usr/local/sbin:/usr/local/bin:/usr/sbin:/usr/bin:/sbin:/bin"
            ],
            "Cmd": null,
            "Image": "k8s.gcr.io/pause:3.1",
            "Volumes": null,
            "WorkingDir": "",
            "Entrypoint": [
                "/pause"
            ],
            "OnBuild": null,
            "Labels": {
                "annotation.kubernetes.io/config.hash": "ef09013fcbc0223a2d547aafd9f865da",
                "annotation.kubernetes.io/config.seen": "2019-05-20T11:19:11.62020463+09:00",
                "annotation.kubernetes.io/config.source": "file",
                "annotation.scheduler.alpha.kubernetes.io/critical-pod": "",
                "component": "kube-apiserver",
                "io.kubernetes.container.name": "POD",
                "io.kubernetes.docker.type": "podsandbox",
                "io.kubernetes.pod.name": "kube-apiserver-devkubemaster",
                "io.kubernetes.pod.namespace": "kube-system",
                "io.kubernetes.pod.uid": "ef09013fcbc0223a2d547aafd9f865da",
                "tier": "control-plane"
            }
        },
        "NetworkSettings": {
            "Bridge": "",
            "SandboxID": "332cc889d4623551a3008dbc0ec0ce0d47f7371c97bc8e70b0c234e99f62eaba",
            "HairpinMode": false,
            "LinkLocalIPv6Address": "",
            "LinkLocalIPv6PrefixLen": 0,
            "Ports": {},
            "SandboxKey": "/var/run/docker/netns/default",
            "SecondaryIPAddresses": null,
            "SecondaryIPv6Addresses": null,
            "EndpointID": "",
            "Gateway": "",
            "GlobalIPv6Address": "",
            "GlobalIPv6PrefixLen": 0,
            "IPAddress": "",
            "IPPrefixLen": 0,
            "IPv6Gateway": "",
            "MacAddress": "",
            "Networks": {
                "host": {
                    "IPAMConfig": null,
                    "Links": null,
                    "Aliases": null,
                    "NetworkID": "5368ebb6151bdb70d259e23cad7d5749f0c5d86e74126abba3285dad2177d585",
                    "EndpointID": "7ce101a9c8ed461a285e0cd49976974529d3243e1539e82cc5e50501ecdab301",
                    "Gateway": "",
                    "IPAddress": "",
                    "IPPrefixLen": 0,
                    "IPv6Gateway": "",
                    "GlobalIPv6Address": "",
                    "GlobalIPv6PrefixLen": 0,
                    "MacAddress": "",
                    "DriverOpts": null
                }
            }
        }
    }
]
